Started GET "/" for 127.0.0.1 at 2022-06-12 12:09:52 -0400
  [1m[35m (1.2ms)[0m  [1m[34mSELECT sqlite_version(*)[0m
Processing by Rails::WelcomeController#index as HTML
  Rendering /Users/timothycollins/.rvm/gems/ruby-3.1.2/gems/railties-7.0.3/lib/rails/templates/rails/welcome/index.html.erb
  Rendered /Users/timothycollins/.rvm/gems/ruby-3.1.2/gems/railties-7.0.3/lib/rails/templates/rails/welcome/index.html.erb (Duration: 1.5ms | Allocations: 645)
Completed 200 OK in 31ms (Views: 5.2ms | ActiveRecord: 0.0ms | Allocations: 5021)


Started GET "/" for 127.0.0.1 at 2022-06-12 12:14:16 -0400
Processing by Rails::WelcomeController#index as HTML
  Rendering /Users/timothycollins/.rvm/gems/ruby-3.1.2/gems/railties-7.0.3/lib/rails/templates/rails/welcome/index.html.erb
  Rendered /Users/timothycollins/.rvm/gems/ruby-3.1.2/gems/railties-7.0.3/lib/rails/templates/rails/welcome/index.html.erb (Duration: 0.4ms | Allocations: 322)
Completed 200 OK in 2ms (Views: 1.0ms | Allocations: 1031)


Started GET "/" for 127.0.0.1 at 2022-06-12 12:15:46 -0400
Processing by ApplicationController#hello as HTML
  Rendering html template
  Rendered html template (Duration: 0.0ms | Allocations: 16)
Completed 200 OK in 3ms (Views: 2.3ms | Allocations: 786)


Started GET "/" for 127.0.0.1 at 2022-06-12 12:21:43 -0400
Processing by ApplicationController#hello as HTML
  Rendering html template
  Rendered html template (Duration: 0.0ms | Allocations: 10)
Completed 200 OK in 1ms (Views: 0.6ms | Allocations: 548)


